<?xml version="1.0" encoding="UTF-8"?>
<testsuite xmlns:xsi="http://www.w3.org/2001/XMLSchema-instance" xsi:noNamespaceSchemaLocation="https://maven.apache.org/surefire/maven-surefire-plugin/xsd/surefire-test-report-3.0.xsd" version="3.0" name="com.example.pekko.FxRateKafkaProducerTest" time="1.004" tests="5" errors="0" skipped="0" failures="0">
  <properties>
[...]
</properties>
  <testcase name="testHighVolumeSend" classname="com.example.pekko.FxRateKafkaProducerTest" time="0.839">
    <system-out><![CDATA[20:32:32.915 [main] INFO  c.e.pekko.FxRateKafkaProducerTest - Setting up FxRateKafkaProducerTest
20:32:33.326 [main] INFO  c.e.pekko.FxRateKafkaProducerTest - Testing high volume send of 1000 FxRates
20:32:33.349 [main] WARN  org.apache.avro.Schema - Ignored the com.example.pekko.model.FxRate.timestamp.logicalType property ("timestamp-millis"). It should probably be nested inside the "type" for the field.
20:32:33.366 [main] INFO  c.example.pekko.FxRateAvroProducer - Sending 1000 FxRate records to topic fx-rates
20:32:33.514 [ForkJoinPool.commonPool-worker-5] WARN  org.apache.avro.Schema - Ignored the com.example.pekko.model.FxRate.timestamp.logicalType property ("timestamp-millis"). It should probably be nested inside the "type" for the field.
20:32:33.514 [ForkJoinPool.commonPool-worker-3] WARN  org.apache.avro.Schema - Ignored the com.example.pekko.model.FxRate.timestamp.logicalType property ("timestamp-millis"). It should probably be nested inside the "type" for the field.
20:32:33.514 [ForkJoinPool.commonPool-worker-6] WARN  org.apache.avro.Schema - Ignored the com.example.pekko.model.FxRate.timestamp.logicalType property ("timestamp-millis"). It should probably be nested inside the "type" for the field.
20:32:33.514 [ForkJoinPool.commonPool-worker-4] WARN  org.apache.avro.Schema - Ignored the com.example.pekko.model.FxRate.timestamp.logicalType property ("timestamp-millis"). It should probably be nested inside the "type" for the field.
20:32:33.514 [ForkJoinPool.commonPool-worker-7] WARN  org.apache.avro.Schema - Ignored the com.example.pekko.model.FxRate.timestamp.logicalType property ("timestamp-millis"). It should probably be nested inside the "type" for the field.
20:32:33.514 [ForkJoinPool.commonPool-worker-11] WARN  org.apache.avro.Schema - Ignored the com.example.pekko.model.FxRate.timestamp.logicalType property ("timestamp-millis"). It should probably be nested inside the "type" for the field.
20:32:33.514 [ForkJoinPool.commonPool-worker-10] WARN  org.apache.avro.Schema - Ignored the com.example.pekko.model.FxRate.timestamp.logicalType property ("timestamp-millis"). It should probably be nested inside the "type" for the field.
20:32:33.514 [ForkJoinPool.commonPool-worker-2] WARN  org.apache.avro.Schema - Ignored the com.example.pekko.model.FxRate.timestamp.logicalType property ("timestamp-millis"). It should probably be nested inside the "type" for the field.
20:32:33.514 [ForkJoinPool.commonPool-worker-8] WARN  org.apache.avro.Schema - Ignored the com.example.pekko.model.FxRate.timestamp.logicalType property ("timestamp-millis"). It should probably be nested inside the "type" for the field.
20:32:33.514 [ForkJoinPool.commonPool-worker-1] WARN  org.apache.avro.Schema - Ignored the com.example.pekko.model.FxRate.timestamp.logicalType property ("timestamp-millis"). It should probably be nested inside the "type" for the field.
20:32:33.514 [ForkJoinPool.commonPool-worker-9] WARN  org.apache.avro.Schema - Ignored the com.example.pekko.model.FxRate.timestamp.logicalType property ("timestamp-millis"). It should probably be nested inside the "type" for the field.
20:32:33.741 [ForkJoinPool.commonPool-worker-10] INFO  c.example.pekko.FxRateAvroProducer - Successfully sent all 1000 FxRate records
20:32:33.742 [main] INFO  c.e.pekko.FxRateKafkaProducerTest - Successfully sent 1000 FxRates in 376 ms (throughput: {:.2f} msgs/sec)
20:32:33.743 [main] INFO  c.e.pekko.FxRateKafkaProducerTest - Tearing down FxRateKafkaProducerTest
20:32:33.747 [main] INFO  c.example.pekko.FxRateAvroProducer - FxRateAvroProducer closed successfully
]]></system-out>
  </testcase>
  <testcase name="testSend100FxRates" classname="com.example.pekko.FxRateKafkaProducerTest" time="0.041">
    <system-out><![CDATA[20:32:33.751 [main] INFO  c.e.pekko.FxRateKafkaProducerTest - Setting up FxRateKafkaProducerTest
20:32:33.755 [main] INFO  c.e.pekko.FxRateKafkaProducerTest - Testing bulk send of 100 FxRates
20:32:33.756 [main] INFO  c.example.pekko.FxRateAvroProducer - Sending 100 FxRate records to topic fx-rates
20:32:33.764 [ForkJoinPool.commonPool-worker-9] WARN  org.apache.avro.Schema - Ignored the com.example.pekko.model.FxRate.timestamp.logicalType property ("timestamp-millis"). It should probably be nested inside the "type" for the field.
20:32:33.765 [ForkJoinPool.commonPool-worker-6] WARN  org.apache.avro.Schema - Ignored the com.example.pekko.model.FxRate.timestamp.logicalType property ("timestamp-millis"). It should probably be nested inside the "type" for the field.
20:32:33.765 [ForkJoinPool.commonPool-worker-10] WARN  org.apache.avro.Schema - Ignored the com.example.pekko.model.FxRate.timestamp.logicalType property ("timestamp-millis"). It should probably be nested inside the "type" for the field.
20:32:33.765 [ForkJoinPool.commonPool-worker-8] WARN  org.apache.avro.Schema - Ignored the com.example.pekko.model.FxRate.timestamp.logicalType property ("timestamp-millis"). It should probably be nested inside the "type" for the field.
20:32:33.768 [ForkJoinPool.commonPool-worker-4] WARN  org.apache.avro.Schema - Ignored the com.example.pekko.model.FxRate.timestamp.logicalType property ("timestamp-millis"). It should probably be nested inside the "type" for the field.
20:32:33.768 [ForkJoinPool.commonPool-worker-1] WARN  org.apache.avro.Schema - Ignored the com.example.pekko.model.FxRate.timestamp.logicalType property ("timestamp-millis"). It should probably be nested inside the "type" for the field.
20:32:33.768 [ForkJoinPool.commonPool-worker-11] WARN  org.apache.avro.Schema - Ignored the com.example.pekko.model.FxRate.timestamp.logicalType property ("timestamp-millis"). It should probably be nested inside the "type" for the field.
20:32:33.768 [ForkJoinPool.commonPool-worker-2] WARN  org.apache.avro.Schema - Ignored the com.example.pekko.model.FxRate.timestamp.logicalType property ("timestamp-millis"). It should probably be nested inside the "type" for the field.
20:32:33.768 [ForkJoinPool.commonPool-worker-5] WARN  org.apache.avro.Schema - Ignored the com.example.pekko.model.FxRate.timestamp.logicalType property ("timestamp-millis"). It should probably be nested inside the "type" for the field.
20:32:33.768 [ForkJoinPool.commonPool-worker-7] WARN  org.apache.avro.Schema - Ignored the com.example.pekko.model.FxRate.timestamp.logicalType property ("timestamp-millis"). It should probably be nested inside the "type" for the field.
20:32:33.768 [ForkJoinPool.commonPool-worker-3] WARN  org.apache.avro.Schema - Ignored the com.example.pekko.model.FxRate.timestamp.logicalType property ("timestamp-millis"). It should probably be nested inside the "type" for the field.
20:32:33.789 [ForkJoinPool.commonPool-worker-2] INFO  c.example.pekko.FxRateAvroProducer - Successfully sent all 100 FxRate records
20:32:33.789 [main] INFO  c.e.pekko.FxRateKafkaProducerTest - Successfully sent 100 FxRates in 33 ms
20:32:33.789 [main] INFO  c.e.pekko.FxRateKafkaProducerTest - Tearing down FxRateKafkaProducerTest
20:32:33.791 [main] INFO  c.example.pekko.FxRateAvroProducer - FxRateAvroProducer closed successfully
]]></system-out>
  </testcase>
  <testcase name="testSendSingleFxRate" classname="com.example.pekko.FxRateKafkaProducerTest" time="0.016">
    <system-out><![CDATA[20:32:33.792 [main] INFO  c.e.pekko.FxRateKafkaProducerTest - Setting up FxRateKafkaProducerTest
20:32:33.796 [main] INFO  c.e.pekko.FxRateKafkaProducerTest - Testing single FxRate send
20:32:33.800 [ForkJoinPool.commonPool-worker-2] WARN  org.apache.avro.Schema - Ignored the com.example.pekko.model.FxRate.timestamp.logicalType property ("timestamp-millis"). It should probably be nested inside the "type" for the field.
20:32:33.806 [main] INFO  c.e.pekko.FxRateKafkaProducerTest - Successfully sent single FxRate to partition 0 offset 6857
20:32:33.806 [main] INFO  c.e.pekko.FxRateKafkaProducerTest - Tearing down FxRateKafkaProducerTest
20:32:33.808 [main] INFO  c.example.pekko.FxRateAvroProducer - FxRateAvroProducer closed successfully
]]></system-out>
  </testcase>
  <testcase name="testFxRateValidation" classname="com.example.pekko.FxRateKafkaProducerTest" time="0.011">
    <system-out><![CDATA[20:32:33.809 [main] INFO  c.e.pekko.FxRateKafkaProducerTest - Setting up FxRateKafkaProducerTest
20:32:33.812 [main] INFO  c.e.pekko.FxRateKafkaProducerTest - Testing FxRate data validation
20:32:33.812 [main] INFO  c.e.pekko.FxRateKafkaProducerTest - Successfully validated 50 FxRates
20:32:33.812 [main] INFO  c.e.pekko.FxRateKafkaProducerTest - Tearing down FxRateKafkaProducerTest
20:32:33.819 [main] INFO  c.example.pekko.FxRateAvroProducer - FxRateAvroProducer closed successfully
]]></system-out>
  </testcase>
  <testcase name="testSendVariousCurrencyPairs" classname="com.example.pekko.FxRateKafkaProducerTest" time="0.019">
    <system-out><![CDATA[20:32:33.819 [main] INFO  c.e.pekko.FxRateKafkaProducerTest - Setting up FxRateKafkaProducerTest
20:32:33.822 [main] INFO  c.e.pekko.FxRateKafkaProducerTest - Testing various currency pairs
20:32:33.822 [main] INFO  c.example.pekko.FxRateAvroProducer - Sending 10 FxRate records to topic fx-rates
20:32:33.829 [ForkJoinPool.commonPool-worker-5] WARN  org.apache.avro.Schema - Ignored the com.example.pekko.model.FxRate.timestamp.logicalType property ("timestamp-millis"). It should probably be nested inside the "type" for the field.
20:32:33.829 [ForkJoinPool.commonPool-worker-3] WARN  org.apache.avro.Schema - Ignored the com.example.pekko.model.FxRate.timestamp.logicalType property ("timestamp-millis"). It should probably be nested inside the "type" for the field.
20:32:33.829 [ForkJoinPool.commonPool-worker-7] WARN  org.apache.avro.Schema - Ignored the com.example.pekko.model.FxRate.timestamp.logicalType property ("timestamp-millis"). It should probably be nested inside the "type" for the field.
20:32:33.830 [ForkJoinPool.commonPool-worker-1] WARN  org.apache.avro.Schema - Ignored the com.example.pekko.model.FxRate.timestamp.logicalType property ("timestamp-millis"). It should probably be nested inside the "type" for the field.
20:32:33.830 [ForkJoinPool.commonPool-worker-10] WARN  org.apache.avro.Schema - Ignored the com.example.pekko.model.FxRate.timestamp.logicalType property ("timestamp-millis"). It should probably be nested inside the "type" for the field.
20:32:33.829 [ForkJoinPool.commonPool-worker-2] WARN  org.apache.avro.Schema - Ignored the com.example.pekko.model.FxRate.timestamp.logicalType property ("timestamp-millis"). It should probably be nested inside the "type" for the field.
20:32:33.830 [ForkJoinPool.commonPool-worker-4] WARN  org.apache.avro.Schema - Ignored the com.example.pekko.model.FxRate.timestamp.logicalType property ("timestamp-millis"). It should probably be nested inside the "type" for the field.
20:32:33.829 [ForkJoinPool.commonPool-worker-6] WARN  org.apache.avro.Schema - Ignored the com.example.pekko.model.FxRate.timestamp.logicalType property ("timestamp-millis"). It should probably be nested inside the "type" for the field.
20:32:33.829 [ForkJoinPool.commonPool-worker-11] WARN  org.apache.avro.Schema - Ignored the com.example.pekko.model.FxRate.timestamp.logicalType property ("timestamp-millis"). It should probably be nested inside the "type" for the field.
20:32:33.830 [ForkJoinPool.commonPool-worker-9] WARN  org.apache.avro.Schema - Ignored the com.example.pekko.model.FxRate.timestamp.logicalType property ("timestamp-millis"). It should probably be nested inside the "type" for the field.
20:32:33.836 [ForkJoinPool.commonPool-worker-1] INFO  c.example.pekko.FxRateAvroProducer - Successfully sent all 10 FxRate records
20:32:33.836 [main] INFO  c.e.pekko.FxRateKafkaProducerTest - Successfully sent 10 different currency pairs
20:32:33.836 [main] INFO  c.e.pekko.FxRateKafkaProducerTest - Tearing down FxRateKafkaProducerTest
20:32:33.838 [main] INFO  c.example.pekko.FxRateAvroProducer - FxRateAvroProducer closed successfully
]]></system-out>
  </testcase>
</testsuite>